memory profiling: sample.interval=20000
:5847407:15380938:462119000:98:
:5847407:15380938:462119000:0:
:5847407:15380938:462119000:0:
:5848411:15380967:462452984:95:"open.TabixFile" "open" "process_vcf_in_batches" 
:5848658:15390967:462515816:22:"doTryCatch" "tryCatchOne" "tryCatchList" "doTryCatch" "tryCatchOne" "tryCatchList" "tryCatch" ".tabix_scan" "scanTabix" "scanTabix" "process_vcf_in_batches" 
:5849607:15417251:462943264:1:"strsplit" "FUN" "lapply" "sapply" "process_vcf_in_batches" 
:5852332:15464171:464163616:0:"strsplit" "FUN" "lapply" "sapply" "process_vcf_in_batches" 
:5855432:15517646:465552416:0:"strsplit" "FUN" "lapply" "sapply" "process_vcf_in_batches" 
:5858420:15569258:466891096:0:"strsplit" "FUN" "lapply" "sapply" "process_vcf_in_batches" 
:5861641:15624596:468329008:0:"strsplit" "FUN" "lapply" "sapply" "process_vcf_in_batches" 
:5864850:15679589:469759920:0:"strsplit" "FUN" "lapply" "sapply" "process_vcf_in_batches" 
:5868233:15737687:471269624:0:"strsplit" "FUN" "lapply" "sapply" "process_vcf_in_batches" 
:5871620:15795854:472779608:0:"strsplit" "FUN" "lapply" "sapply" "process_vcf_in_batches" 
:5875007:15854021:474292616:0:"strsplit" "FUN" "lapply" "sapply" "process_vcf_in_batches" 
:5877144:15890729:475246464:0:"strsplit" "FUN" "lapply" "sapply" "process_vcf_in_batches" 
:5877144:15890729:475246464:0:"strsplit" "FUN" "lapply" "sapply" "process_vcf_in_batches" 
:5877144:11823956:475246464:0:"strsplit" "FUN" "lapply" "sapply" "process_vcf_in_batches" 
:5498265:10131694:331274944:0:"strsplit" "FUN" "lapply" "sapply" "process_vcf_in_batches" 
:5501786:10192207:332848768:0:"strsplit" "FUN" "lapply" "sapply" "process_vcf_in_batches" 
:5505369:10253893:334449696:0:"strsplit" "FUN" "lapply" "sapply" "process_vcf_in_batches" 
:5507972:10398733:335560176:21:"doTryCatch" "tryCatchOne" "tryCatchList" "doTryCatch" "tryCatchOne" "tryCatchList" "tryCatch" ".tabix_scan" "scanTabix" "scanTabix" "process_vcf_in_batches" 
:5509631:10441921:336310912:1:"strsplit" "FUN" "lapply" "sapply" "process_vcf_in_batches" 
:5513167:10502434:337885016:0:"strsplit" "FUN" "lapply" "sapply" "process_vcf_in_batches" 
:5516724:10563499:339469984:0:"strsplit" "FUN" "lapply" "sapply" "process_vcf_in_batches" 
:5520262:10624081:341044256:0:"FUN" "lapply" "sapply" "process_vcf_in_batches" 
:5523830:10685146:342630960:0:"strsplit" "FUN" "lapply" "sapply" "process_vcf_in_batches" 
:5527309:10744762:344180200:0:"strsplit" "FUN" "lapply" "sapply" "process_vcf_in_batches" 
:5530860:10805275:345753408:0:"strsplit" "FUN" "lapply" "sapply" "process_vcf_in_batches" 
:5534429:10866064:347333840:0:"strsplit" "FUN" "lapply" "sapply" "process_vcf_in_batches" 
:5537929:10926370:348900160:0:"strsplit" "FUN" "lapply" "sapply" "process_vcf_in_batches" 
:5541438:10986814:350470120:0:"strsplit" "FUN" "lapply" "sapply" "process_vcf_in_batches" 
:5544955:11047189:352039632:0:"FUN" "lapply" "sapply" "process_vcf_in_batches" 
:5548240:11149877:353507840:3:"unlist" "simplify2array" "sapply" "process_vcf_in_batches" 
:5549123:11227578:353852632:19:"strsplit" "FUN" "lapply" "sapply" "process_vcf_in_batches" 
:5552554:11286435:355380144:0:"strsplit" "FUN" "lapply" "sapply" "process_vcf_in_batches" 
:5556082:11347155:356957328:0:"strsplit" "FUN" "lapply" "sapply" "process_vcf_in_batches" 
:5559553:11406909:358509424:0:"strsplit" "FUN" "lapply" "sapply" "process_vcf_in_batches" 
:5563058:11467146:360075968:0:"strsplit" "FUN" "lapply" "sapply" "process_vcf_in_batches" 
:5566623:11528280:361664520:0:"strsplit" "FUN" "lapply" "sapply" "process_vcf_in_batches" 
:5570161:11589138:363245512:0:"strsplit" "FUN" "lapply" "sapply" "process_vcf_in_batches" 
:5573716:11650134:364830424:0:"strsplit" "FUN" "lapply" "sapply" "process_vcf_in_batches" 
:5577264:11711199:366415056:0:"strsplit" "FUN" "lapply" "sapply" "process_vcf_in_batches" 
:5580696:11770194:367947608:0:"strsplit" "FUN" "lapply" "sapply" "process_vcf_in_batches" 
:5583813:11823669:369337024:0:"strsplit" "FUN" "lapply" "sapply" "process_vcf_in_batches" 
:5586950:11877489:370736968:0:"strsplit" "FUN" "lapply" "sapply" "process_vcf_in_batches" 
:5588874:12009307:371541408:21:"doTryCatch" "tryCatchOne" "tryCatchList" "doTryCatch" "tryCatchOne" "tryCatchList" "tryCatch" ".tabix_scan" "scanTabix" "scanTabix" "process_vcf_in_batches" 
:5590490:12046976:372266328:1:"strsplit" "FUN" "lapply" "sapply" "process_vcf_in_batches" 
:5593438:12097691:373583448:0:"strsplit" "FUN" "lapply" "sapply" "process_vcf_in_batches" 
:5594275:12112112:373958368:0:"strsplit" "FUN" "lapply" "sapply" "process_vcf_in_batches" 
:5597213:12162758:375272632:0:"lapply" "sapply" "process_vcf_in_batches" 
:5600434:12218165:376713064:0:"strsplit" "FUN" "lapply" "sapply" "process_vcf_in_batches" 
:5603723:12274676:378181160:0:"strsplit" "FUN" "lapply" "sapply" "process_vcf_in_batches" 
:5607026:12331394:379654856:0:"strsplit" "FUN" "lapply" "sapply" "process_vcf_in_batches" 
:5610291:12387353:381108896:0:"strsplit" "FUN" "lapply" "sapply" "process_vcf_in_batches" 
:5613613:12444278:382588080:0:"strsplit" "FUN" "lapply" "sapply" "process_vcf_in_batches" 
:5616943:12501548:384075832:0:"strsplit" "FUN" "lapply" "sapply" "process_vcf_in_batches" 
:5620270:12558887:385565096:0:"strsplit" "FUN" "lapply" "sapply" "process_vcf_in_batches" 
:5623621:12616502:387060352:0:"lapply" "sapply" "process_vcf_in_batches" 
:5627049:12675497:388592624:0:"strsplit" "FUN" "lapply" "sapply" "process_vcf_in_batches" 
:5629262:12812214:389526032:21:"doTryCatch" "tryCatchOne" "tryCatchList" "doTryCatch" "tryCatchOne" "tryCatchList" "tryCatch" ".tabix_scan" "scanTabix" "scanTabix" "process_vcf_in_batches" 
:5630985:12851746:390299280:1:"strsplit" "FUN" "lapply" "sapply" "process_vcf_in_batches" 
:5634423:12911017:391838664:0:"strsplit" "FUN" "lapply" "sapply" "process_vcf_in_batches" 
:5637865:12970357:393379504:0:"strsplit" "FUN" "lapply" "sapply" "process_vcf_in_batches" 
:5641274:13029214:394906736:0:"strsplit" "FUN" "lapply" "sapply" "process_vcf_in_batches" 
:5644703:13088140:396437888:0:"lapply" "sapply" "process_vcf_in_batches" 
:5648174:13147549:397981360:0:"strsplit" "FUN" "lapply" "sapply" "process_vcf_in_batches" 
:5651625:13206682:399517944:0:"strsplit" "FUN" "lapply" "sapply" "process_vcf_in_batches" 
:5655073:13265677:401052624:0:"strsplit" "FUN" "lapply" "sapply" "process_vcf_in_batches" 
:5657830:13312873:402279136:0:"strsplit" "FUN" "lapply" "sapply" "process_vcf_in_batches" 
:5661309:13372489:403826472:0:"strsplit" "FUN" "lapply" "sapply" "process_vcf_in_batches" 
:5664761:13431622:405364680:0:"strsplit" "FUN" "lapply" "sapply" "process_vcf_in_batches" 
:5668248:13491514:406919128:0:"strsplit" "FUN" "lapply" "sapply" "process_vcf_in_batches" 
:5669717:13616626:407514800:21:"doTryCatch" "tryCatchOne" "tryCatchList" "doTryCatch" "tryCatchOne" "tryCatchList" "tryCatch" ".tabix_scan" "scanTabix" "scanTabix" "process_vcf_in_batches" 
:5672249:13670726:408651096:1:"strsplit" "FUN" "lapply" "sapply" "process_vcf_in_batches" 
:5675729:13730618:410205152:0:"strsplit" "FUN" "lapply" "sapply" "process_vcf_in_batches" 
:5679213:13790648:411765928:0:"strsplit" "FUN" "lapply" "sapply" "process_vcf_in_batches" 
:5682710:13850954:413330568:0:"strsplit" "FUN" "lapply" "sapply" "process_vcf_in_batches" 
:5686165:13910501:414877512:0:"lapply" "sapply" "process_vcf_in_batches" 
:5689677:13971014:416450496:0:"strsplit" "FUN" "lapply" "sapply" "process_vcf_in_batches" 
:5693160:14031113:418009984:0:"lapply" "sapply" "process_vcf_in_batches" 
:5696702:14092178:419596968:0:"strsplit" "FUN" "lapply" "sapply" "process_vcf_in_batches" 
:5700207:14152691:421167208:0:"strsplit" "FUN" "lapply" "sapply" "process_vcf_in_batches" 
:5703688:14212652:422724624:0:"strsplit" "FUN" "lapply" "sapply" "process_vcf_in_batches" 
:5707232:14273717:424311160:0:"lapply" "sapply" "process_vcf_in_batches" 
:5710008:14420163:425496624:21:"doTryCatch" "tryCatchOne" "tryCatchList" "doTryCatch" "tryCatchOne" "tryCatchList" "tryCatch" ".tabix_scan" "scanTabix" "scanTabix" "process_vcf_in_batches" 
:5711311:14452519:426081768:1:"strsplit" "FUN" "lapply" "sapply" "process_vcf_in_batches" 
:5714814:14512894:427649880:0:"strsplit" "FUN" "lapply" "sapply" "process_vcf_in_batches" 
:5718298:14572993:429210712:0:"strsplit" "FUN" "lapply" "sapply" "process_vcf_in_batches" 
:5721823:14633713:430789464:0:"strsplit" "FUN" "lapply" "sapply" "process_vcf_in_batches" 
:5725264:14693122:432330696:0:"strsplit" "FUN" "lapply" "sapply" "process_vcf_in_batches" 
:5728766:14753497:433898808:0:"strsplit" "FUN" "lapply" "sapply" "process_vcf_in_batches" 
:5732249:14813527:435457960:0:"strsplit" "FUN" "lapply" "sapply" "process_vcf_in_batches" 
:5735779:14874316:437036936:0:"strsplit" "FUN" "lapply" "sapply" "process_vcf_in_batches" 
:5739275:14934553:438603088:0:"strsplit" "FUN" "lapply" "sapply" "process_vcf_in_batches" 
:5741145:14966776:439439896:0:"strsplit" "FUN" "lapply" "sapply" "process_vcf_in_batches" 
:5742736:14994169:440151544:0:"strsplit" "FUN" "lapply" "sapply" "process_vcf_in_batches" 
:5745265:15037777:441284144:0:"strsplit" "FUN" "lapply" "sapply" "process_vcf_in_batches" 
:5748419:15092149:442696296:0:"strsplit" "FUN" "lapply" "sapply" "process_vcf_in_batches" 
:5750292:15223070:443477328:21:"doTryCatch" "tryCatchOne" "tryCatchList" "doTryCatch" "tryCatchOne" "tryCatchList" "tryCatch" ".tabix_scan" "scanTabix" "scanTabix" "process_vcf_in_batches" 
:5751957:15261705:444225488:1:"strsplit" "FUN" "lapply" "sapply" "process_vcf_in_batches" 
:5755314:15319527:445728976:0:"strsplit" "FUN" "lapply" "sapply" "process_vcf_in_batches" 
:5758698:15377970:447245064:0:"strsplit" "FUN" "lapply" "sapply" "process_vcf_in_batches" 
:5762143:15437379:448788032:0:"strsplit" "FUN" "lapply" "sapply" "process_vcf_in_batches" 
:5765547:15496029:450312968:0:"strsplit" "FUN" "lapply" "sapply" "process_vcf_in_batches" 
:5768903:15553920:451816456:0:"strsplit" "FUN" "lapply" "sapply" "process_vcf_in_batches" 
:5772247:15611604:453312944:0:"strsplit" "FUN" "lapply" "sapply" "process_vcf_in_batches" 
:5775691:15671013:454855856:0:"strsplit" "FUN" "lapply" "sapply" "process_vcf_in_batches" 
:5779147:15730629:456404144:0:"strsplit" "FUN" "lapply" "sapply" "process_vcf_in_batches" 
:5782667:15791280:457981048:0:"strsplit" "FUN" "lapply" "sapply" "process_vcf_in_batches" 
:5786175:15851793:459552632:0:"strsplit" "FUN" "lapply" "sapply" "process_vcf_in_batches" 
:5789665:15911961:461115312:0:"strsplit" "FUN" "lapply" "sapply" "process_vcf_in_batches" 
:5790332:15969454:461411216:4:"unique.default" "unique" "process_vcf_in_batches" 
:5790332:15281765:461411216:0:"unique.default" "unique" "process_vcf_in_batches" 
:5500084:10203164:330557696:17:"doTryCatch" "tryCatchOne" "tryCatchList" "doTryCatch" "tryCatchOne" "tryCatchList" "tryCatch" ".tabix_scan" "scanTabix" "scanTabix" "process_vcf_in_batches" 
:5501377:10235803:331138304:1:"strsplit" "FUN" "lapply" "sapply" "process_vcf_in_batches" 
:5504863:10295833:332699136:0:"strsplit" "FUN" "lapply" "sapply" "process_vcf_in_batches" 
:5508379:10356346:334271056:0:"strsplit" "FUN" "lapply" "sapply" "process_vcf_in_batches" 
:5511844:10416100:335821360:0:"strsplit" "FUN" "lapply" "sapply" "process_vcf_in_batches" 
:5515270:10475095:337355312:0:"strsplit" "FUN" "lapply" "sapply" "process_vcf_in_batches" 
:5518800:10535884:338934344:0:"strsplit" "FUN" "lapply" "sapply" "process_vcf_in_batches" 
:5522351:10597156:340524016:0:"strsplit" "FUN" "lapply" "sapply" "process_vcf_in_batches" 
:5525827:10657048:342081208:0:"strsplit" "FUN" "lapply" "sapply" "process_vcf_in_batches" 
:5529199:10715215:343591864:0:"strsplit" "FUN" "lapply" "sapply" "process_vcf_in_batches" 
:5532703:10775728:345161712:0:"strsplit" "FUN" "lapply" "sapply" "process_vcf_in_batches" 
:5536211:10836172:346731952:0:"lapply" "sapply" "process_vcf_in_batches" 
:5539736:10896892:348310368:0:"strsplit" "FUN" "lapply" "sapply" "process_vcf_in_batches" 
:5540385:11006701:348539688:21:"doTryCatch" "tryCatchOne" "tryCatchList" "doTryCatch" "tryCatchOne" "tryCatchList" "tryCatch" ".tabix_scan" "scanTabix" "scanTabix" "process_vcf_in_batches" 
:5543631:11072522:349995688:1:"strsplit" "FUN" "lapply" "sapply" "process_vcf_in_batches" 
:5547103:11132483:351551200:0:"strsplit" "FUN" "lapply" "sapply" "process_vcf_in_batches" 
:5550597:11192720:353115672:0:"strsplit" "FUN" "lapply" "sapply" "process_vcf_in_batches" 
:5554037:11252060:354656792:0:"strsplit" "FUN" "lapply" "sapply" "process_vcf_in_batches" 
:5557521:11312159:356217624:0:"strsplit" "FUN" "lapply" "sapply" "process_vcf_in_batches" 
:5557988:11320163:356426840:0:"strsplit" "FUN" "lapply" "sapply" "process_vcf_in_batches" 
:5560085:11356319:357366240:0:"strsplit" "FUN" "lapply" "sapply" "process_vcf_in_batches" 
:5563061:11407655:358699488:0:"strsplit" "FUN" "lapply" "sapply" "process_vcf_in_batches" 
:5566169:11461268:360091872:0:"strsplit" "FUN" "lapply" "sapply" "process_vcf_in_batches" 
:5569348:11516123:361515336:0:"lapply" "sapply" "process_vcf_in_batches" 
:5572601:11572289:362973464:0:"strsplit" "FUN" "lapply" "sapply" "process_vcf_in_batches" 
:5575845:11628179:364426720:0:"strsplit" "FUN" "lapply" "sapply" "process_vcf_in_batches" 
:5579069:11683793:365871072:0:"strsplit" "FUN" "lapply" "sapply" "process_vcf_in_batches" 
:5580654:11809608:366519496:21:"doTryCatch" "tryCatchOne" "tryCatchList" "doTryCatch" "tryCatchOne" "tryCatchList" "tryCatch" ".tabix_scan" "scanTabix" "scanTabix" "process_vcf_in_batches" 
:5583663:11872028:367869768:1:"strsplit" "FUN" "lapply" "sapply" "process_vcf_in_batches" 
:5587071:11930816:369396552:0:"strsplit" "FUN" "lapply" "sapply" "process_vcf_in_batches" 
:5590515:11990225:370939464:0:"strsplit" "FUN" "lapply" "sapply" "process_vcf_in_batches" 
:5594027:12050807:372512840:0:"strsplit" "FUN" "lapply" "sapply" "process_vcf_in_batches" 
:5597571:12111941:374100552:0:"strsplit" "FUN" "lapply" "sapply" "process_vcf_in_batches" 
:5601139:12173489:375699016:0:"strsplit" "FUN" "lapply" "sapply" "process_vcf_in_batches" 
:5620409:12277964:379697136:933:"frameTypes" "structure" "makeCenv" "compiler::compile" "comp" "e$fun" "%dopar%" "process_vcf_in_batches" 
:5669652:12295586:388854536:3306:"cmpBuiltinArgs" "h" "tryInline" "cmpCall" "cmp" "cmpPrim2" "h" "tryInline" "cmpCall" "cmp" "genCode" "cb$putconst" "cmpCallArgs" "cmpCallSymFun" "cmpCall" "cmp" "genCode" "h" "tryInline" "cmpCall" "cmp" "genCode" "cb$putconst" "cmpCallArgs" "cmpCallSymFun" "cmpCall" "cmp" "genCode" "cb$putconst" "cmpCallArgs" "cmpCallSymFun" "cmpCall" "cmp" "cmpSymbolAssign" "h" "tryInline" "cmpCall" "cmp" "h" "tryInline" "cmpCall" "cmp" "genCode" "compiler::compile" "comp" "e$fun" "%dopar%" "process_vcf_in_batches" 
:5690049:12379070:392505736:765:"serialize" "sendData.SOCKnode" "sendData" "postNode" "sendCall" "clusterCall" "e$fun" "%dopar%" "process_vcf_in_batches" 
:5701131:12469719:394112992:6:"unserialize" "recvData.SOCKnode" "recvData" "FUN" "lapply" "checkForRemoteErrors" "clusterCall" "e$fun" "%dopar%" "process_vcf_in_batches" 
:5701471:12470039:394196824:61:"doTryCatch" "tryCatchOne" "tryCatchList" "tryCatch" "nextElem.containeriter" "FUN" "lapply" "doTryCatch" "tryCatchOne" "tryCatchList" "tryCatch" "nextElem.iforeach" "nextElem" "doTryCatch" "tryCatchOne" "tryCatchList" "tryCatch" "as.list.iter" "as.list" "e$fun" "%dopar%" "process_vcf_in_batches" 
:5702894:12478831:394565864:300:"socketSelect" "recvOneData.SOCKcluster" "recvOneData" "recvOneResult" "dynamicClusterApply" "clusterApplyLB" "e$fun" "%dopar%" "process_vcf_in_batches" 
:5702894:12478831:394565864:0:"socketSelect" "recvOneData.SOCKcluster" "recvOneData" "recvOneResult" "dynamicClusterApply" "clusterApplyLB" "e$fun" "%dopar%" "process_vcf_in_batches" 
:5703349:12488239:394624272:16:"socketSelect" "recvOneData.SOCKcluster" "recvOneData" "recvOneResult" "dynamicClusterApply" "clusterApplyLB" "e$fun" "%dopar%" "process_vcf_in_batches" 
:5703349:12488239:394624272:0:"socketSelect" "recvOneData.SOCKcluster" "recvOneData" "recvOneResult" "dynamicClusterApply" "clusterApplyLB" "e$fun" "%dopar%" "process_vcf_in_batches" 
:5703803:12497647:394682512:16:"socketSelect" "recvOneData.SOCKcluster" "recvOneData" "recvOneResult" "dynamicClusterApply" "clusterApplyLB" "e$fun" "%dopar%" "process_vcf_in_batches" 
:5703803:12497647:394682512:0:"socketSelect" "recvOneData.SOCKcluster" "recvOneData" "recvOneResult" "dynamicClusterApply" "clusterApplyLB" "e$fun" "%dopar%" "process_vcf_in_batches" 
:5703803:12497647:394682512:0:"socketSelect" "recvOneData.SOCKcluster" "recvOneData" "recvOneResult" "dynamicClusterApply" "clusterApplyLB" "e$fun" "%dopar%" "process_vcf_in_batches" 
:5703807:12497647:394683800:0:"unserialize" "recvOneData.SOCKcluster" "recvOneData" "recvOneResult" "dynamicClusterApply" "clusterApplyLB" "e$fun" "%dopar%" "process_vcf_in_batches" 
:5704486:12511759:394770600:24:"unserialize" "recvOneData.SOCKcluster" "recvOneData" "recvOneResult" "dynamicClusterApply" "clusterApplyLB" "e$fun" "%dopar%" "process_vcf_in_batches" 
:5704711:12516463:394798992:8:"socketSelect" "recvOneData.SOCKcluster" "recvOneData" "recvOneResult" "dynamicClusterApply" "clusterApplyLB" "e$fun" "%dopar%" "process_vcf_in_batches" 
:5704711:12516463:394798992:0:"socketSelect" "recvOneData.SOCKcluster" "recvOneData" "recvOneResult" "dynamicClusterApply" "clusterApplyLB" "e$fun" "%dopar%" "process_vcf_in_batches" 
:5707402:12540437:395429496:563:"deparse" "paste" "deparse1" "textConnection" "capture.output" "doTryCatch" "tryCatchOne" "tryCatchList" "tryCatch" ".rs.withTimeLimit" ".rs.valueFromStr" ".rs.valueDescriptionImpl" "doTryCatch" "tryCatchOne" "tryCatchList" "tryCatch" ".rs.valueDescription" ".rs.describeObject" 
:5710567:12541393:395933496:203:
:5710567:12541393:395933496:0:
:5710567:12541393:395933496:0:
:5710567:12541393:395933496:0:
:5710567:12541393:395933496:0:
:5710567:12541393:395933496:0:
:5710567:12541393:395933496:0:
:5710567:12541393:395933496:0:
:5710567:12541393:395933496:0:
:5710567:12541393:395933496:0:
:5710567:12541393:395933496:0:
:5710567:12541393:395933496:0:
:5710567:12541393:395933496:0:
:5710567:12541393:395933496:0:
:5710567:12541393:395933496:0:
:5710567:12541393:395933496:0:
:5710571:12541393:395933552:0:
:5710571:12541393:395933552:0:
:5710571:12541393:395933552:0:
:5710571:12541393:395933552:0:
:5710571:12541393:395933552:0:
:5710571:12541393:395933552:0:
